proguard_logs/seeds.txt
com.omega.mlapp.AboutUsActivity
com.omega.mlapp.AboutUsActivity: AboutUsActivity()
com.omega.mlapp.BiohraphActivity
com.omega.mlapp.BiohraphActivity: BiohraphActivity()
com.omega.mlapp.ContactActivity
com.omega.mlapp.ContactActivity: ContactActivity()
com.omega.mlapp.DisplayActivity
com.omega.mlapp.DisplayActivity: DisplayActivity()
com.omega.mlapp.NewsActivity
com.omega.mlapp.NewsActivity: NewsActivity()
com.omega.mlapp.NewsUpdateActivity
com.omega.mlapp.NewsUpdateActivity: NewsUpdateActivity()
com.omega.mlapp.R$color: int field_text
com.omega.mlapp.R$drawable: int app_launcher
com.omega.mlapp.R$drawable: int edittextstyle
com.omega.mlapp.R$drawable: int ic_launcher
com.omega.mlapp.R$drawable: int img_flwr
com.omega.mlapp.R$drawable: int launch_icon
com.omega.mlapp.R$drawable: int logo
com.omega.mlapp.R$drawable: int mla
com.omega.mlapp.R$drawable: int mla1
com.omega.mlapp.R$drawable: int mla2
com.omega.mlapp.R$drawable: int mla3
com.omega.mlapp.R$drawable: int sym
com.omega.mlapp.R$id: int aboutBtn
com.omega.mlapp.R$id: int biographybtn
com.omega.mlapp.R$id: int btnAppShare
com.omega.mlapp.R$id: int btnGCMRegister
com.omega.mlapp.R$id: int btnLogin
com.omega.mlapp.R$id: int btnRegister
com.omega.mlapp.R$id: int contactbtn
com.omega.mlapp.R$id: int editText
com.omega.mlapp.R$id: int footer
com.omega.mlapp.R$id: int header
com.omega.mlapp.R$id: int imageView1
com.omega.mlapp.R$id: int link_to_register
com.omega.mlapp.R$id: int pager
com.omega.mlapp.R$id: int personName
com.omega.mlapp.R$id: int reg_addr
com.omega.mlapp.R$id: int reg_fullname
com.omega.mlapp.R$id: int reg_mobile
com.omega.mlapp.R$id: int tagName
com.omega.mlapp.R$id: int updatesbtn
com.omega.mlapp.R$id: int webView1
com.omega.mlapp.R$layout: int activity_register
com.omega.mlapp.R$layout: int biographtab
com.omega.mlapp.R$layout: int contacttab
com.omega.mlapp.R$layout: int display
com.omega.mlapp.R$layout: int footer_repeat
com.omega.mlapp.R$layout: int gcm_main
com.omega.mlapp.R$layout: int header_gradient
com.omega.mlapp.R$layout: int login
com.omega.mlapp.R$layout: int main
com.omega.mlapp.R$layout: int newsupdate
com.omega.mlapp.R$layout: int newsupdatetab
com.omega.mlapp.R$layout: int register
com.omega.mlapp.R$layout: int tabview
com.omega.mlapp.R$layout: int webview
com.omega.mlapp.R$string: int Welcome
com.omega.mlapp.R$string: int abtBtn
com.omega.mlapp.R$string: int app_name
com.omega.mlapp.R$string: int biographyBtn
com.omega.mlapp.R$string: int contactBtn
com.omega.mlapp.R$string: int hello
com.omega.mlapp.R$string: int homeBtn
com.omega.mlapp.R$string: int newsBtn
com.omega.mlapp.R$string: int personName
com.omega.mlapp.R$string: int welcomes
com.omega.mlapp.RegisterActivity
com.omega.mlapp.RegisterActivity: RegisterActivity()
com.omega.mlapp.TabActivity
com.omega.mlapp.TabActivity: TabActivity()
...
com.google.android.gms.wearable.PutDataRequest
com.google.android.gms.wearable.PutDataRequest: android.os.Parcelable$Creator CREATOR
com.google.android.gms.wearable.internal.AddListenerRequest
com.google.android.gms.wearable.internal.AddListenerRequest: android.os.Parcelable$Creator CREATOR
com.google.android.gms.wearable.internal.AddLocalCapabilityResponse
com.google.android.gms.wearable.internal.AddLocalCapabilityResponse: android.os.Parcelable$Creator CREATOR
com.google.android.gms.wearable.internal.AncsNotificationParcelable
com.google.android.gms.wearable.internal.AncsNotificationParcelable: android.os.Parcelable$Creator CREATOR
com.google.android.gms.wearable.internal.CapabilityInfoParcelable
com.google.android.gms.wearable.internal.CapabilityInfoParcelable: android.os.Parcelable$Creator CREATOR
com.google.android.gms.wearable.internal.ChannelEventParcelable
com.google.android.gms.wearable.internal.ChannelEventParcelable: android.os.Parcelable$Creator CREATOR
com.google.android.gms.wearable.internal.ChannelImpl
com.google.android.gms.wearable.internal.ChannelImpl: android.os.Parcelable$Creator CREATOR
com.google.android.gms.wearable.internal.ChannelReceiveFileResponse
com.google.android.gms.wearable.internal.ChannelReceiveFileResponse: android.os.Parcelable$Creator CREATOR
com.google.android.gms.wearable.internal.ChannelSendFileResponse
com.google.android.gms.wearable.internal.ChannelSendFileResponse: android.os.Parcelable$Creator CREATOR
com.google.android.gms.wearable.internal.CloseChannelResponse
com.google.android.gms.wearable.internal.CloseChannelResponse: android.os.Parcelable$Creator CREATOR
com.google.android.gms.wearable.internal.DataItemAssetParcelable
com.google.android.gms.wearable.internal.DataItemAssetParcelable: android.os.Parcelable$Creator CREATOR
com.google.android.gms.wearable.internal.DataItemParcelable
com.google.android.gms.wearable.internal.DataItemParcelable: android.os.Parcelable$Creator CREATOR
com.google.android.gms.wearable.internal.DeleteDataItemsResponse
com.google.android.gms.wearable.internal.DeleteDataItemsResponse: android.os.Parcelable$Creator CREATOR
com.google.android.gms.wearable.internal.GetAllCapabilitiesResponse
com.google.android.gms.wearable.internal.GetAllCapabilitiesResponse: android.os.Parcelable$Creator CREATOR
com.google.android.gms.wearable.internal.GetCapabilityResponse
com.google.android.gms.wearable.internal.GetCapabilityResponse: android.os.Parcelable$Creator CREATOR
com.google.android.gms.wearable.internal.GetChannelInputStreamResponse
com.google.android.gms.wearable.internal.GetChannelInputStreamResponse: android.os.Parcelable$Creator CREATOR
com.google.android.gms.wearable.internal.GetChannelOutputStreamResponse
com.google.android.gms.wearable.internal.GetChannelOutputStreamResponse: android.os.Parcelable$Creator CREATOR
com.google.android.gms.wearable.internal.GetCloudSyncOptInOutDoneResponse
com.google.android.gms.wearable.internal.GetCloudSyncOptInOutDoneResponse: android.os.Parcelable$Creator CREATOR
com.google.android.gms.wearable.internal.GetCloudSyncSettingResponse
com.google.android.gms.wearable.internal.GetCloudSyncSettingResponse: android.os.Parcelable$Creator CREATOR
com.google.android.gms.wearable.internal.GetConfigResponse
com.google.android.gms.wearable.internal.GetConfigResponse: android.os.Parcelable$Creator CREATOR
com.google.android.gms.wearable.internal.GetConfigsResponse
com.google.android.gms.wearable.internal.GetConfigsResponse: android.os.Parcelable$Creator CREATOR
com.google.android.gms.wearable.internal.GetConnectedNodesResponse
com.google.android.gms.wearable.internal.GetConnectedNodesResponse: android.os.Parcelable$Creator CREATOR
com.google.android.gms.wearable.internal.GetDataItemResponse
com.google.android.gms.wearable.internal.GetDataItemResponse: android.os.Parcelable$Creator CREATOR