proguard_logs/mapping.txt
com.omega.mlapp.AboutUsActivity -> com.omega.mlapp.AboutUsActivity:
    android.webkit.WebView webView -> b
    android.app.Activity activity -> a
    void <init>() -> <init>
    void onCreate(android.os.Bundle) -> onCreate
com.omega.mlapp.AboutUsActivity$1 -> com.omega.mlapp.a:
    com.omega.mlapp.AboutUsActivity this$0 -> a
    void <init>(com.omega.mlapp.AboutUsActivity) -> <init>
com.omega.mlapp.AboutUsActivity$BioWebClient -> com.omega.mlapp.b:
    com.omega.mlapp.AboutUsActivity this$0 -> b
    void <init>(com.omega.mlapp.AboutUsActivity) -> <init>
    boolean shouldOverrideUrlLoading(android.webkit.WebView,java.lang.String) -> shouldOverrideUrlLoading
com.omega.mlapp.BiohraphActivity -> com.omega.mlapp.BiohraphActivity:
    android.webkit.WebView webView -> b
    android.app.Activity activity -> a
    void <init>() -> <init>
    void onCreate(android.os.Bundle) -> onCreate
com.omega.mlapp.BiohraphActivity$1 -> com.omega.mlapp.c:
    com.omega.mlapp.BiohraphActivity this$0 -> a
    void <init>(com.omega.mlapp.BiohraphActivity) -> <init>
com.omega.mlapp.BiohraphActivity$BioWebClient -> com.omega.mlapp.d:
    com.omega.mlapp.BiohraphActivity this$0 -> b
    void <init>(com.omega.mlapp.BiohraphActivity) -> <init>
    boolean shouldOverrideUrlLoading(android.webkit.WebView,java.lang.String) -> shouldOverrideUrlLoading
com.omega.mlapp.ContactActivity -> com.omega.mlapp.ContactActivity:
    android.webkit.WebView webView -> b
    android.app.Activity activity -> a
    void <init>() -> <init>
    void onCreate(android.os.Bundle) -> onCreate
com.omega.mlapp.ContactActivity$1 -> com.omega.mlapp.e:
    com.omega.mlapp.ContactActivity this$0 -> a
    void <init>(com.omega.mlapp.ContactActivity) -> <init>
com.omega.mlapp.ContactActivity$ContectWebViewClient -> com.omega.mlapp.f:
    com.omega.mlapp.ContactActivity this$0 -> b
    void <init>(com.omega.mlapp.ContactActivity) -> <init>
    boolean shouldOverrideUrlLoading(android.webkit.WebView,java.lang.String) -> shouldOverrideUrlLoading
com.omega.mlapp.DisplayActivity -> com.omega.mlapp.DisplayActivity:
    void <init>() -> <init>
    void onCreate(android.os.Bundle) -> onCreate
com.omega.mlapp.DisplayActivity$1 -> com.omega.mlapp.g:
    android.content.Context val$context -> a
    com.omega.mlapp.DisplayActivity this$0 -> b
    void <init>(com.omega.mlapp.DisplayActivity,android.content.Context) -> <init>
    void onClick(android.view.View) -> onClick
com.omega.mlapp.DisplayActivity$2 -> com.omega.mlapp.h:
    android.content.Context val$context -> a
    com.omega.mlapp.DisplayActivity this$0 -> b
    void <init>(com.omega.mlapp.DisplayActivity,android.content.Context) -> <init>
    void onClick(android.view.View) -> onClick
com.omega.mlapp.DisplayActivity$3 -> com.omega.mlapp.i:
    android.content.Context val$context -> a
    com.omega.mlapp.DisplayActivity this$0 -> b
    void <init>(com.omega.mlapp.DisplayActivity,android.content.Context) -> <init>
    void onClick(android.view.View) -> onClick
com.omega.mlapp.DisplayActivity$4 -> com.omega.mlapp.j:
    android.content.Context val$context -> a
    com.omega.mlapp.DisplayActivity this$0 -> b
    void <init>(com.omega.mlapp.DisplayActivity,android.content.Context) -> <init>
    void onClick(android.view.View) -> onClick
com.omega.mlapp.NewsActivity -> com.omega.mlapp.NewsActivity:
    android.webkit.WebView webView -> b
    android.app.Activity activity -> a
    void <init>() -> <init>
    void onCreate(android.os.Bundle) -> onCreate
com.omega.mlapp.NewsActivity$1 -> com.omega.mlapp.k:
    com.omega.mlapp.NewsActivity this$0 -> a
    void <init>(com.omega.mlapp.NewsActivity) -> <init>
com.omega.mlapp.NewsActivity$NewsWebViewClient -> com.omega.mlapp.l:
    com.omega.mlapp.NewsActivity this$0 -> b
    void <init>(com.omega.mlapp.NewsActivity) -> <init>
    boolean shouldOverrideUrlLoading(android.webkit.WebView,java.lang.String) -> shouldOverrideUrlLoading
...
com.google.android.gms.internal.zzhv -> com.google.android.gms.c.bt:
    void <init>() -> <init>
com.google.android.gms.internal.zzhx -> com.google.android.gms.c.bu:
    boolean zzbk(int) -> a
com.google.android.gms.internal.zzhy -> com.google.android.gms.c.bv:
    void zzb(java.io.Closeable) -> a
com.google.android.gms.internal.zzhz -> com.google.android.gms.c.bw:
    java.util.regex.Pattern zzVD -> a
    java.util.regex.Pattern zzVE -> b
    java.lang.String zzbY(java.lang.String) -> a
    void <clinit>() -> <clinit>
com.google.android.gms.internal.zzia -> com.google.android.gms.c.bx:
    void zza(java.lang.StringBuilder,java.util.HashMap) -> a
com.google.android.gms.internal.zzib -> com.google.android.gms.c.by:
    int zza(byte[],int,int,int) -> a
com.google.android.gms.internal.zzic -> com.google.android.gms.c.bz:
    boolean zznk() -> a
    boolean zzbl(int) -> a
com.google.android.gms.internal.zzig -> com.google.android.gms.c.ca:
    com.google.android.gms.drive.metadata.MetadataField zzZH -> a
    com.google.android.gms.drive.metadata.MetadataField zzZI -> b
    com.google.android.gms.internal.zzig$zza zzZJ -> c
    com.google.android.gms.drive.metadata.MetadataField zzZK -> d
    com.google.android.gms.drive.metadata.MetadataField zzZL -> e
    com.google.android.gms.drive.metadata.MetadataField zzZM -> f
    com.google.android.gms.drive.metadata.MetadataField zzZN -> g
    com.google.android.gms.drive.metadata.MetadataField zzZO -> h
    com.google.android.gms.drive.metadata.MetadataField zzZP -> i
    com.google.android.gms.drive.metadata.MetadataField zzZQ -> j
    com.google.android.gms.drive.metadata.MetadataField zzZR -> k
    com.google.android.gms.drive.metadata.MetadataField zzZS -> l
    com.google.android.gms.drive.metadata.MetadataField zzZT -> m
    com.google.android.gms.internal.zzig$zzb zzZU -> n
    com.google.android.gms.drive.metadata.MetadataField zzZV -> o
    com.google.android.gms.drive.metadata.MetadataField zzZW -> p
    com.google.android.gms.drive.metadata.MetadataField zzZX -> q
    com.google.android.gms.drive.metadata.MetadataField zzZY -> r
    com.google.android.gms.drive.metadata.MetadataField zzZZ -> s
    com.google.android.gms.drive.metadata.MetadataField zzaaa -> t
    com.google.android.gms.drive.metadata.MetadataField zzaab -> u
    com.google.android.gms.internal.zzig$zzc zzaac -> v
com.google.android.gms.internal.zzig$1 -> com.google.android.gms.c.cb:
    void <init>(java.lang.String,java.util.Collection,java.util.Collection,int) -> <init>
com.google.android.gms.internal.zzig$2 -> com.google.android.gms.c.cc:
    void <init>(java.lang.String,java.util.Collection,java.util.Collection,int) -> <init>
com.google.android.gms.internal.zzig$zza -> com.google.android.gms.c.cd:
    void <init>(int) -> <init>
com.google.android.gms.internal.zzig$zzb -> com.google.android.gms.c.ce:
    void <init>(java.lang.String,int) -> <init>
com.google.android.gms.internal.zzig$zzc -> com.google.android.gms.c.cf:
    void <init>(int) -> <init>
com.google.android.gms.internal.zzig$zzd -> com.google.android.gms.c.cg:
    void <init>(java.lang.String,int) -> <init>
com.google.android.gms.internal.zzig$zze -> com.google.android.gms.c.ch:
    void <init>(int) -> <init>
com.google.android.gms.internal.zzig$zzf -> com.google.android.gms.c.ci:
    void <init>(java.lang.String,int) -> <init>
com.google.android.gms.internal.zzig$zzg -> com.google.android.gms.c.cj:
    void <init>(java.lang.String,int) -> <init>
com.google.android.gms.internal.zzig$zzh -> com.google.android.gms.c.ck:
    void <init>(java.lang.String,int) -> <init>
com.google.android.gms.internal.zzih -> com.google.android.gms.c.cl:
    void <init>(int) -> <init>