proguard_logs/usage.txt
com.omega.mlapp.AboutUsActivity$1:
    29:30:public void onProgressChanged(android.webkit.WebView,int)
com.omega.mlapp.BiohraphActivity$1:
    29:30:public void onProgressChanged(android.webkit.WebView,int)
com.omega.mlapp.BuildConfig
com.omega.mlapp.ContactActivity$1:
    29:30:public void onProgressChanged(android.webkit.WebView,int)
com.omega.mlapp.Manifest
com.omega.mlapp.Manifest$permission
com.omega.mlapp.MyActivity
com.omega.mlapp.MyActivity$1
com.omega.mlapp.MyActivity$MyDownloadTask
com.omega.mlapp.NewsActivity$1:
    29:30:public void onProgressChanged(android.webkit.WebView,int)
com.omega.mlapp.R
com.omega.mlapp.R$attr
com.omega.mlapp.R$color
com.omega.mlapp.R$drawable
com.omega.mlapp.R$id
com.omega.mlapp.R$layout
com.omega.mlapp.R$string
com.omega.mlapp.RegisterActivity:
    97:122:public void insert()
com.omega.mlapp.RegisterActivity$MyDownloadTask:
    250:276:protected void displayNotification(android.content.Intent)
com.omega.mlapp.TabViewActivity
com.omega.mlapp.TabViewActivity$1
com.omega.mlapp.TabViewActivity$2
...
com.google.android.gms.games.internal.api.RequestsImpl$UpdateRequestsImpl
com.google.android.gms.games.internal.api.RequestsImpl$UpdateRequestsImpl$1
com.google.android.gms.games.internal.api.SnapshotsImpl
com.google.android.gms.games.internal.api.SnapshotsImpl$1
com.google.android.gms.games.internal.api.SnapshotsImpl$2
com.google.android.gms.games.internal.api.SnapshotsImpl$3
com.google.android.gms.games.internal.api.SnapshotsImpl$4
com.google.android.gms.games.internal.api.SnapshotsImpl$5
com.google.android.gms.games.internal.api.SnapshotsImpl$6
com.google.android.gms.games.internal.api.SnapshotsImpl$CommitImpl
com.google.android.gms.games.internal.api.SnapshotsImpl$CommitImpl$1
com.google.android.gms.games.internal.api.SnapshotsImpl$DeleteImpl
com.google.android.gms.games.internal.api.SnapshotsImpl$DeleteImpl$1
com.google.android.gms.games.internal.api.SnapshotsImpl$LoadImpl
com.google.android.gms.games.internal.api.SnapshotsImpl$LoadImpl$1
com.google.android.gms.games.internal.api.SnapshotsImpl$OpenImpl
com.google.android.gms.games.internal.api.SnapshotsImpl$OpenImpl$1
com.google.android.gms.games.internal.api.TurnBasedMultiplayerImpl
com.google.android.gms.games.internal.api.TurnBasedMultiplayerImpl$1
com.google.android.gms.games.internal.api.TurnBasedMultiplayerImpl$10
com.google.android.gms.games.internal.api.TurnBasedMultiplayerImpl$11
com.google.android.gms.games.internal.api.TurnBasedMultiplayerImpl$12
com.google.android.gms.games.internal.api.TurnBasedMultiplayerImpl$13
com.google.android.gms.games.internal.api.TurnBasedMultiplayerImpl$2
com.google.android.gms.games.internal.api.TurnBasedMultiplayerImpl$3
com.google.android.gms.games.internal.api.TurnBasedMultiplayerImpl$4
com.google.android.gms.games.internal.api.TurnBasedMultiplayerImpl$5
com.google.android.gms.games.internal.api.TurnBasedMultiplayerImpl$6
com.google.android.gms.games.internal.api.TurnBasedMultiplayerImpl$7
com.google.android.gms.games.internal.api.TurnBasedMultiplayerImpl$8
com.google.android.gms.games.internal.api.TurnBasedMultiplayerImpl$9
com.google.android.gms.games.internal.api.TurnBasedMultiplayerImpl$CancelMatchImpl
com.google.android.gms.games.internal.api.TurnBasedMultiplayerImpl$CancelMatchImpl$1
com.google.android.gms.games.internal.api.TurnBasedMultiplayerImpl$InitiateMatchImpl
com.google.android.gms.games.internal.api.TurnBasedMultiplayerImpl$InitiateMatchImpl$1
com.google.android.gms.games.internal.api.TurnBasedMultiplayerImpl$LeaveMatchImpl
com.google.android.gms.games.internal.api.TurnBasedMultiplayerImpl$LeaveMatchImpl$1
com.google.android.gms.games.internal.api.TurnBasedMultiplayerImpl$LoadMatchImpl
com.google.android.gms.games.internal.api.TurnBasedMultiplayerImpl$LoadMatchImpl$1
com.google.android.gms.games.internal.api.TurnBasedMultiplayerImpl$LoadMatchesImpl
com.google.android.gms.games.internal.api.TurnBasedMultiplayerImpl$LoadMatchesImpl$1
com.google.android.gms.games.internal.api.TurnBasedMultiplayerImpl$UpdateMatchImpl
com.google.android.gms.games.internal.api.TurnBasedMultiplayerImpl$UpdateMatchImpl$1
com.google.android.gms.games.internal.constants.AchievementState
com.google.android.gms.games.internal.constants.AchievementType
com.google.android.gms.games.internal.constants.AvailabilityCode
com.google.android.gms.games.internal.constants.Capability
com.google.android.gms.games.internal.constants.EventVisibility
com.google.android.gms.games.internal.constants.ExperienceEventType
com.google.android.gms.games.internal.constants.GameBadgeType
com.google.android.gms.games.internal.constants.LeaderboardCollection
com.google.android.gms.games.internal.constants.MatchParticipantStatus
com.google.android.gms.games.internal.constants.MatchResult:
    public MatchResult()
com.google.android.gms.games.internal.constants.MilestoneState
com.google.android.gms.games.internal.constants.NotificationChannel
com.google.android.gms.games.internal.constants.ParticipantLeaveReason